example6/새 폴더/game2/build/outputs/logs/manifest-merger-debug-report.txt
-- Merging decision tree log ---
manifest
ADDED from src\main\AndroidManifest.xml:2:1-27:12
	package
		ADDED from src\main\AndroidManifest.xml:2:70-98
		INJECTED from src\main\AndroidManifest.xml
		INJECTED from src\main\AndroidManifest.xml
	android:versionName
		ADDED from src\main\AndroidManifest.xml:2:99-124
		INJECTED from src\main\AndroidManifest.xml
		INJECTED from src\main\AndroidManifest.xml
	android:versionCode
		ADDED from src\main\AndroidManifest.xml:2:125-148
		INJECTED from src\main\AndroidManifest.xml
		INJECTED from src\main\AndroidManifest.xml
	xmlns:android
		ADDED from src\main\AndroidManifest.xml:2:11-69
	android:installLocation
		ADDED from src\main\AndroidManifest.xml:2:149-189
uses-feature#android.hardware.usb.host
ADDED from src\main\AndroidManifest.xml:4:3-5:30
	android:required
		ADDED from src\main\AndroidManifest.xml:5:5-28
	android:name
		ADDED from src\main\AndroidManifest.xml:4:17-57
application
ADDED from src\main\AndroidManifest.xml:8:3-19:17
	android:label
		ADDED from src\main\AndroidManifest.xml:8:77-109
	android:supportsRtl
		ADDED from src\main\AndroidManifest.xml:8:158-184
	android:roundIcon
		ADDED from src\main\AndroidManifest.xml:8:110-157
	android:allowBackup
		ADDED from src\main\AndroidManifest.xml:8:16-42
	android:icon
		ADDED from src\main\AndroidManifest.xml:8:43-76
	android:banner
		ADDED from src\main\AndroidManifest.xml:8:207-244
	android:isGame
		ADDED from src\main\AndroidManifest.xml:8:185-206
activity#com.Daedalus.game2.MainActivity
ADDED from src\main\AndroidManifest.xml:9:5-15:16
	android:name
		ADDED from src\main\AndroidManifest.xml:9:15-43
intent-filter#android.intent.action.MAIN+android.intent.category.LAUNCHER+android.intent.category.LEANBACK_LAUNCHER
ADDED from src\main\AndroidManifest.xml:10:7-14:23
action#android.intent.action.MAIN
ADDED from src\main\AndroidManifest.xml:11:9-61
	android:name
		ADDED from src\main\AndroidManifest.xml:11:17-58
category#android.intent.category.LAUNCHER
ADDED from src\main\AndroidManifest.xml:12:9-69
	android:name
		ADDED from src\main\AndroidManifest.xml:12:19-66
category#android.intent.category.LEANBACK_LAUNCHER
ADDED from src\main\AndroidManifest.xml:13:9-78
	android:name
		ADDED from src\main\AndroidManifest.xml:13:19-75
uses-sdk
ADDED from src\main\AndroidManifest.xml:20:3-72
MERGED from [:usbSerialForAndroid-release:] AndroidManifest.xml:6:5-8:41
MERGED from [com.github.felHR85:UsbSerial:4.5] AndroidManifest.xml:6:5-8:41
	android:targetSdkVersion
		ADDED from src\main\AndroidManifest.xml:20:40-69
		INJECTED from src\main\AndroidManifest.xml
		INJECTED from src\main\AndroidManifest.xml
	android:minSdkVersion
		ADDED from src\main\AndroidManifest.xml:20:13-39
uses-feature#0x00020000
ADDED from src\main\AndroidManifest.xml:21:3-52
	android:glEsVersion
		ADDED from src\main\AndroidManifest.xml:21:17-49
uses-feature#android.hardware.vulkan
ADDED from src\main\AndroidManifest.xml:22:3-83
	android:required
		ADDED from src\main\AndroidManifest.xml:22:56-80
	android:name
		ADDED from src\main\AndroidManifest.xml:22:17-55
uses-permission#android.permission.INTERNET
ADDED from src\main\AndroidManifest.xml:23:3-65
	android:name
		ADDED from src\main\AndroidManifest.xml:23:20-62
uses-feature#android.hardware.touchscreen
ADDED from src\main\AndroidManifest.xml:24:3-88
	android:required
		ADDED from src\main\AndroidManifest.xml:24:61-85
	android:name
		ADDED from src\main\AndroidManifest.xml:24:17-60
uses-feature#android.hardware.touchscreen.multitouch
ADDED from src\main\AndroidManifest.xml:25:3-99
	android:required
		ADDED from src\main\AndroidManifest.xml:25:72-96
	android:name
		ADDED from src\main\AndroidManifest.xml:25:17-71
uses-feature#android.hardware.touchscreen.multitouch.distinct
ADDED from src\main\AndroidManifest.xml:26:3-108
	android:required
		ADDED from src\main\AndroidManifest.xml:26:81-105
	android:name
		ADDED from src\main\AndroidManifest.xml:26:17-80